<?xml version="1.0" encoding="UTF-8"?>
<testsuite name="rafael.alvaro.AppTest" time="0.434" tests="1" errors="0" skipped="0" failures="1">
  <properties>
[...]
</properties>
  <testcase name="index" classname="rafael.alvaro.AppTest" time="0.434">
    <failure message="expected:&lt;{&quot;conteudo&quot;:[Rafael,&quot;i&quot;:&quot;1&quot;]}&gt; but was:&lt;{&quot;conteudo&quot;:[&quot;Rafael&quot;,&quot;i&quot;:1]}&gt;" type="org.junit.ComparisonFailure"><![CDATA[org.junit.ComparisonFailure: expected:<{"conteudo":[Rafael,"i":"1"]}> but was:<{"conteudo":["Rafael","i":1]}>
	at org.junit.Assert.assertEquals(Assert.java:115)
	at org.junit.Assert.assertEquals(Assert.java:144)
	at org.jooby.test.Client$Response.expect(Client.java:193)
	at org.jooby.test.Client$Request.expect(Client.java:81)
	at rafael.alvaro.AppTest.index(AppTest.java:13)
]]></failure>
    <system-out><![CDATA[[2016-04-30 14:04:01,694]-[main] INFO  rafael.alvaro.App - [dev@netty]: Server started in 947ms

  GET  /TODO    [*/*]     [*/*]    (/anonymous)
  POST /Todo    [*/*]     [*/*]    (/anonymous)

listening on:
  http://localhost:8080/

]]></system-out>
  </testcase>
</testsuite>